<?xml version="1.0" encoding="UTF-8"?>
<!-- Generated by org.testng.reporters.JUnitReportReporter -->
<testsuite hostname="DESKTOP-64K5226" failures="0" tests="4" name="com.GuruProject.testcases.LoginPage" time="28.833" errors="0" timestamp="2021-07-30T23:36:38 EET" skipped="0">
  <testcase classname="com.GuruProject.testcases.LoginPage" name="TitleTest" time="5.330"/>
  <system-out/>
  <testcase classname="com.GuruProject.testcases.LoginPage" name="URLTest" time="8.520"/>
  <system-out/>
  <testcase classname="com.GuruProject.testcases.LoginPage" name="LogoTest" time="6.973"/>
  <system-out/>
  <testcase classname="com.GuruProject.testcases.LoginPage" name="LoginTest" time="8.010"/>
  <system-out/>
</testsuite> <!-- com.GuruProject.testcases.LoginPage -->
